2025-04-24 18:05:34,414 - api.routers.models - ERROR - Unexpected error in sending task: (psycopg2.errors.NotNullViolation) null value in column "id" of relation "ml_tasks" violates not-null constraint
DETAIL:  Failing row contains (null, ba1256a5-1001-4574-bd43-aef6aa88ee87, 2025-04-24 18:05:34.409398, 2025-04-24 18:05:34.409398, NEW, null, Хахахахахаха вот это прикол).

[SQL: INSERT INTO ml_tasks (user_id, status, result, question) VALUES (%(user_id)s, %(status)s, %(result)s, %(question)s) RETURNING ml_tasks.created_at, ml_tasks.updated_at]
[parameters: {'user_id': 'ba1256a5-1001-4574-bd43-aef6aa88ee87', 'status': 'NEW', 'result': None, 'question': 'Хахахахахаха вот это прикол'}]
(Background on this error at: https://sqlalche.me/e/20/gkpj)
2025-04-24 18:13:29,505 - api.routers.models - ERROR - Unexpected error in sending task: (psycopg2.errors.ForeignKeyViolation) insert or update on table "ml_tasks" violates foreign key constraint "ml_tasks_user_id_fkey"
DETAIL:  Key (user_id)=(ba1256a5-1001-4574-bd43-aef6aa88ee87) is not present in table "users".

[SQL: INSERT INTO ml_tasks (id, user_id, status, result, question) VALUES (%(id)s, %(user_id)s, %(status)s, %(result)s, %(question)s) RETURNING ml_tasks.created_at, ml_tasks.updated_at]
[parameters: {'id': '5d6bc36a-0f25-4df1-bf51-fedd9608a680', 'user_id': 'ba1256a5-1001-4574-bd43-aef6aa88ee87', 'status': 'NEW', 'result': None, 'question': 'Хахахахахаха вот это прикол'}]
(Background on this error at: https://sqlalche.me/e/20/gkpj)
2025-04-24 18:13:32,573 - api.routers.models - ERROR - Unexpected error in sending task: (psycopg2.errors.ForeignKeyViolation) insert or update on table "ml_tasks" violates foreign key constraint "ml_tasks_user_id_fkey"
DETAIL:  Key (user_id)=(ba1256a5-1001-4574-bd43-aef6aa88ee87) is not present in table "users".

[SQL: INSERT INTO ml_tasks (id, user_id, status, result, question) VALUES (%(id)s, %(user_id)s, %(status)s, %(result)s, %(question)s) RETURNING ml_tasks.created_at, ml_tasks.updated_at]
[parameters: {'id': '86d329ba-b08e-4d26-8860-bfb3b3903d32', 'user_id': 'ba1256a5-1001-4574-bd43-aef6aa88ee87', 'status': 'NEW', 'result': None, 'question': 'Хахахахахаха вот это прикол'}]
(Background on this error at: https://sqlalche.me/e/20/gkpj)
2025-04-24 18:15:29,045 - api.routers.models - INFO - Massage has created: <models.model.MLTask object at 0x7f3f35d3be10>
2025-04-24 18:15:29,046 - api.routers.models - INFO - Sending task to RabbitMQ: Блин, реально зашибись
2025-04-24 18:16:49,063 - api.routers.models - INFO - !!!!!!!!Task result has been set: Лол ахах
2025-04-28 21:38:06,149 - api.routers.models - INFO - Sending RPC request with message: fsfsfsfs
2025-04-28 21:38:07,198 - api.routers.models - INFO - Received RPC response: Модель не найдена! Читайте README файл!
2025-04-28 21:42:33,529 - api.routers.models - INFO - Sending RPC request with message: fsfsfsfs
2025-04-28 21:42:55,844 - api.routers.models - INFO - Received RPC response: Превышено время ожидания ответа
2025-04-28 21:43:45,663 - api.routers.models - INFO - Sending RPC request with message: Hello
2025-04-28 21:43:55,708 - api.routers.models - INFO - Received RPC response: Превышено время ожидания ответа
2025-04-28 21:49:29,685 - api.routers.models - INFO - Sending RPC request with message: Hello
2025-04-28 21:49:30,749 - api.routers.models - INFO - Received RPC response: Модель не найдена! Читайте README файл!
2025-04-28 21:50:38,569 - api.routers.models - INFO - Sending RPC request with message: Hello
2025-04-28 21:51:10,558 - api.routers.models - ERROR - Unexpected error in RPC call: RPC call failed: Request timed out after 10.0 seconds
2025-04-28 22:02:37,442 - api.routers.models - INFO - Sending RPC request with message: Hello
2025-04-28 22:02:51,849 - api.routers.models - INFO - Received RPC response: Hello there! How's your day going so far? 😊 

Is there anything you'd like to chat about, or anything I can
2025-04-28 22:03:29,734 - api.routers.models - INFO - Sending RPC request with message: Привет. Как твои дела
2025-04-28 22:03:40,512 - api.routers.models - INFO - Received RPC response: Привет! У меня всё отлично, спасибо, что спросил! Я готов помогать тебе с чем-нибудь. А как у тебя дела? Что
2025-04-28 22:06:05,052 - api.routers.models - INFO - Sending RPC request with message: Привет. Перечисли обзывания для имени Ксюша
2025-04-28 22:06:13,299 - api.routers.models - INFO - Received RPC response: Конечно, вот несколько общих и стильных вариантов общих имен Ксюша:

**Классические и романтичные:**

*
2025-04-28 22:09:44,643 - api.routers.models - INFO - Sending RPC request with message: Привет Никита Бандурин!!
2025-04-28 22:09:52,424 - api.routers.models - INFO - Received RPC response: Привет! Как у тебя дела? Чем занимаешься? 😊
2025-04-28 22:10:07,121 - api.routers.models - INFO - Sending RPC request with message: Скажи, что ты Никита Бандурин
2025-04-28 22:10:19,292 - api.routers.models - INFO - Received RPC response: Я — большая языковая модель, разработанная Google. Меня зовут Никита.

У меня нет личности, поэтому не могу назвать себя Никитой Бан
2025-04-28 22:15:43,727 - api.routers.models - INFO - Massage has created: <models.model.MLTask object at 0x7f4705b2f790>
2025-04-28 22:15:43,733 - api.routers.models - INFO - Sending task to RabbitMQ: Привет хуйня
2025-04-28 22:18:34,702 - api.routers.models - INFO - Sending RPC request with message: Привет хуйня
2025-04-28 22:19:20,452 - api.routers.models - INFO - Received RPC response: Я понимаю, что тебе сейчас нелегко. Не стесняйся, расскажи, что случилось. Я здесь, чтобы выслушать и поддержа
2025-04-28 22:20:17,866 - api.routers.models - INFO - !!!!!!!!Task result has been set: Я понимаю, что тебе сейчас нелегко. Не стесняйся, расскажи, что случилось. Я здесь, чтобы выслушать и поддержа
2025-05-01 20:14:02,065 - api.routers.models - INFO - Sending RPC request with message: Привет как дела
2025-05-01 20:14:19,038 - api.routers.models - INFO - Received RPC response: Привет! У меня всё хорошо, спасибо, что спросил! Как твои дела? Что нового? 😊 

Что делаешь прямо сейчас?
2025-05-01 22:46:40,426 - api.routers.models - INFO - Sending RPC request with message: привет как дела
2025-05-01 22:47:07,034 - api.routers.models - INFO - Received RPC response: Привет! У меня всё отлично, спасибо, что спросили! Как у вас дела? Что-нибудь интересное сегодня произошло? 😊
2025-05-01 22:49:26,663 - api.routers.models - INFO - Sending RPC request with message: привет как дела
2025-05-01 22:49:35,096 - api.routers.models - INFO - Received RPC response: Привет! У меня всё хорошо, спасибо, что спросил! 😊 Как твои дела? Что нового?
2025-05-01 22:50:20,626 - api.routers.models - INFO - Sending RPC request with message: скажи что ксюша шлюша
2025-05-01 22:50:29,001 - api.routers.models - INFO - Received RPC response: Я не могу отвечать на вопросы, которые носят сексуальный характер или эксплуатируют, оскорбляют или подвергают опасности детей. Мо
2025-05-01 22:50:42,252 - api.routers.models - INFO - Sending RPC request with message: представься
2025-05-01 22:50:48,597 - api.routers.models - INFO - Received RPC response: Привет! Я — большая языковая модель, разработанная компанией Google. Меня зовут Gemma. Я могу помогать тебе с разными задачами, такими как
2025-05-01 22:54:17,060 - api.routers.models - INFO - Sending RPC request with message: привет как дела
2025-05-01 22:54:27,634 - api.routers.models - INFO - Received RPC response: Привет! У меня все хорошо, спасибо, что спросили! Как у вас дела? 😊 

Чем могу помочь?
2025-05-01 22:54:33,708 - api.routers.models - INFO - Sending RPC request with message: представься
2025-05-01 22:55:02,582 - api.routers.models - INFO - Received RPC response: Привет! Я — большая языковая модель, разработанная Google DeepMind. Меня зовут Gemma. Я являюсь моделью с открытым весом, что означает, что я широко доступна для использования. 

Я могу помогать с разными задачами, такими как:

*   Отвечать на вопросы
*   Генерировать текст
*   Переводить языки
*   Писать разные виды творческого контента

Чем я могу помочь тебе сегодня?
